[debug] [2025-07-31T16:46:32.818Z] ----------------------------------------------------------------------
[debug] [2025-07-31T16:46:32.820Z] Command:       /usr/bin/node /usr/bin/firebase emulators:start --project=do-more-5b9f0 --only=auth,firestore
[debug] [2025-07-31T16:46:32.821Z] CLI Version:   12.4.0
[debug] [2025-07-31T16:46:32.822Z] Platform:      linux
[debug] [2025-07-31T16:46:32.822Z] Node Version:  v18.20.8
[debug] [2025-07-31T16:46:32.828Z] Time:          Thu Jul 31 2025 16:46:32 GMT+0000 (Coordinated Universal Time)
[debug] [2025-07-31T16:46:32.828Z] ----------------------------------------------------------------------
[debug] 
[debug] [2025-07-31T16:46:32.831Z] >>> [apiv2][query] GET https://firebase-public.firebaseio.com/cli.json [none]
[debug] [2025-07-31T16:46:32.951Z] > command requires scopes: ["email","openid","https://www.googleapis.com/auth/cloudplatformprojects.readonly","https://www.googleapis.com/auth/firebase","https://www.googleapis.com/auth/cloud-platform"]
[debug] [2025-07-31T16:46:33.143Z] <<< [apiv2][status] GET https://firebase-public.firebaseio.com/cli.json 200
[debug] [2025-07-31T16:46:33.144Z] <<< [apiv2][body] GET https://firebase-public.firebaseio.com/cli.json {"cloudBuildErrorAfter":1594252800000,"cloudBuildWarnAfter":1590019200000,"defaultNode10After":1594252800000,"minVersion":"3.0.5","node8DeploysDisabledAfter":1613390400000,"node8RuntimeDisabledAfter":1615809600000,"node8WarnAfter":1600128000000}
[debug] [2025-07-31T16:46:33.202Z] openjdk version "11.0.16" 2022-07-19
OpenJDK Runtime Environment 18.9 (build 11.0.16+8)
OpenJDK 64-Bit Server VM 18.9 (build 11.0.16+8, mixed mode, sharing)

[debug] [2025-07-31T16:46:33.207Z] Parsed Java major version: 11
[info] i  emulators: Starting emulators: auth, firestore {"metadata":{"emulator":{"name":"hub"},"message":"Starting emulators: auth, firestore"}}
[debug] [2025-07-31T16:46:33.213Z] [logging] Logging Emulator only supports listening on one address (127.0.0.1). Not listening on ::1
[debug] [2025-07-31T16:46:33.213Z] assigned listening specs for emulators {"user":{"ui":[{"address":"0.0.0.0","family":"IPv4","port":4000}],"auth":[{"address":"0.0.0.0","family":"IPv4","port":9099}],"firestore":[{"address":"0.0.0.0","family":"IPv4","port":8080}],"firestore.websocket":[{"address":"0.0.0.0","family":"IPv4","port":9150}],"hub":[{"address":"127.0.0.1","family":"IPv4","port":4400},{"address":"::1","family":"IPv6","port":4400}],"logging":[{"address":"127.0.0.1","family":"IPv4","port":4500}]},"metadata":{"message":"assigned listening specs for emulators"}}
[debug] [2025-07-31T16:46:33.218Z] [hub] writing locator at /tmp/hub-do-more-5b9f0.json
[warn] ⚠  firestore: Cloud Firestore Emulator does not support multiple databases yet. {"metadata":{"emulator":{"name":"firestore"},"message":"Cloud Firestore Emulator does not support multiple databases yet."}}
[warn] ⚠  firestore: Did not find a Cloud Firestore rules file specified in a firebase.json config file. {"metadata":{"emulator":{"name":"firestore"},"message":"Did not find a Cloud Firestore rules file specified in a firebase.json config file."}}
[warn] ⚠  firestore: The emulator will default to allowing all reads and writes. Learn more about this option: https://firebase.google.com/docs/emulator-suite/install_and_configure#security_rules_configuration. {"metadata":{"emulator":{"name":"firestore"},"message":"The emulator will default to allowing all reads and writes. Learn more about this option: https://firebase.google.com/docs/emulator-suite/install_and_configure#security_rules_configuration."}}
[info] i  firestore: downloading cloud-firestore-emulator-v1.17.4.jar... {"metadata":{"emulator":{"name":"firestore"},"message":"downloading cloud-firestore-emulator-v1.17.4.jar..."}}
[debug] [2025-07-31T16:46:33.234Z] >>> [apiv2][query] GET https://storage.googleapis.com/firebase-preview-drop/emulator/cloud-firestore-emulator-v1.17.4.jar 
[debug] [2025-07-31T16:46:33.357Z] <<< [apiv2][status] GET https://storage.googleapis.com/firebase-preview-drop/emulator/cloud-firestore-emulator-v1.17.4.jar 200
[debug] [2025-07-31T16:46:33.358Z] <<< [apiv2][body] GET https://storage.googleapis.com/firebase-preview-drop/emulator/cloud-firestore-emulator-v1.17.4.jar [stream]
[debug] [2025-07-31T16:46:39.609Z] Ignoring unsupported arg: auto_download {"metadata":{"emulator":{"name":"firestore"},"message":"Ignoring unsupported arg: auto_download"}}
[debug] [2025-07-31T16:46:39.610Z] Ignoring unsupported arg: single_project_mode_error {"metadata":{"emulator":{"name":"firestore"},"message":"Ignoring unsupported arg: single_project_mode_error"}}
[debug] [2025-07-31T16:46:39.611Z] Starting Firestore Emulator with command {"binary":"java","args":["-Dgoogle.cloud_firestore.debug_log_level=FINE","-Duser.language=en","-jar","/root/.cache/firebase/emulators/cloud-firestore-emulator-v1.17.4.jar","--host","0.0.0.0","--port",8080,"--websocket_port",9150,"--project_id","do-more-5b9f0","--single_project_mode",true],"optionalArgs":["port","webchannel_port","host","rules","websocket_port","functions_emulator","seed_from_export","project_id","single_project_mode"],"joinArgs":false} {"metadata":{"emulator":{"name":"firestore"},"message":"Starting Firestore Emulator with command {\"binary\":\"java\",\"args\":[\"-Dgoogle.cloud_firestore.debug_log_level=FINE\",\"-Duser.language=en\",\"-jar\",\"/root/.cache/firebase/emulators/cloud-firestore-emulator-v1.17.4.jar\",\"--host\",\"0.0.0.0\",\"--port\",8080,\"--websocket_port\",9150,\"--project_id\",\"do-more-5b9f0\",\"--single_project_mode\",true],\"optionalArgs\":[\"port\",\"webchannel_port\",\"host\",\"rules\",\"websocket_port\",\"functions_emulator\",\"seed_from_export\",\"project_id\",\"single_project_mode\"],\"joinArgs\":false}"}}
[info] i  firestore: Firestore Emulator logging to firestore-debug.log {"metadata":{"emulator":{"name":"firestore"},"message":"Firestore Emulator logging to firestore-debug.log"}}
[debug] [2025-07-31T16:46:40.308Z] Jul 31, 2025 4:46:40 PM com.google.cloud.datastore.emulator.firestore.websocket.WebSocketServer start
INFO: Started WebSocket server on ws://0.0.0.0:9150
 {"metadata":{"emulator":{"name":"firestore"},"message":"Jul 31, 2025 4:46:40 PM com.google.cloud.datastore.emulator.firestore.websocket.WebSocketServer start\nINFO: Started WebSocket server on ws://0.0.0.0:9150\n"}}
[debug] [2025-07-31T16:46:40.345Z] API endpoint: http://0.0.0.0:8080 {"metadata":{"emulator":{"name":"firestore"},"message":"API endpoint: http://0.0.0.0:8080"}}
[debug] [2025-07-31T16:46:40.345Z] 
If you are using a library that supports the FIRESTORE_EMULATOR_HOST environment variable, run:

   export FIRESTORE_EMULATOR_HOST=0.0.0.0:8080

Dev App Server is now running.

 {"metadata":{"emulator":{"name":"firestore"},"message":"\nIf you are using a library that supports the FIRESTORE_EMULATOR_HOST environment variable, run:\n\n   export FIRESTORE_EMULATOR_HOST=0.0.0.0:8080\n\nDev App Server is now running.\n\n"}}
[info] ✔  firestore: Firestore Emulator UI websocket is running on 9150. {"metadata":{"emulator":{"name":"firestore"},"message":"Firestore Emulator UI websocket is running on 9150."}}
[info] i  ui: downloading ui-v1.11.6.zip... {"metadata":{"emulator":{"name":"ui"},"message":"downloading ui-v1.11.6.zip..."}}
[debug] [2025-07-31T16:46:45.364Z] >>> [apiv2][query] GET https://storage.googleapis.com/firebase-preview-drop/emulator/ui-v1.11.6.zip 
[debug] [2025-07-31T16:46:45.449Z] <<< [apiv2][status] GET https://storage.googleapis.com/firebase-preview-drop/emulator/ui-v1.11.6.zip 200
[debug] [2025-07-31T16:46:45.449Z] <<< [apiv2][body] GET https://storage.googleapis.com/firebase-preview-drop/emulator/ui-v1.11.6.zip [stream]
[debug] [2025-07-31T16:46:45.838Z] Data is 3063444
[debug] [2025-07-31T16:46:45.838Z] [unzip] Entry: client/ (compressed_size=0 bytes, uncompressed_size=0 bytes)
[debug] [2025-07-31T16:46:45.839Z] [unzip] Processing entry: client/
[debug] [2025-07-31T16:46:45.839Z] [unzip] mkdir: /root/.cache/firebase/emulators/ui-v1.11.6/client/
[debug] [2025-07-31T16:46:45.841Z] [unzip] Entry: client/favicon.ico (compressed_size=2497 bytes, uncompressed_size=7406 bytes)
[debug] [2025-07-31T16:46:45.841Z] [unzip] Processing entry: client/favicon.ico
[debug] [2025-07-31T16:46:45.841Z] [unzip] else mkdir: /root/.cache/firebase/emulators/ui-v1.11.6/client
[debug] [2025-07-31T16:46:45.841Z] [unzip] deflating: /root/.cache/firebase/emulators/ui-v1.11.6/client/favicon.ico
[debug] [2025-07-31T16:46:45.845Z] [unzip] Entry: client/apple-touch-icon.png (compressed_size=7231 bytes, uncompressed_size=7367 bytes)
[debug] [2025-07-31T16:46:45.845Z] [unzip] Processing entry: client/apple-touch-icon.png
[debug] [2025-07-31T16:46:45.845Z] [unzip] else mkdir: /root/.cache/firebase/emulators/ui-v1.11.6/client
[debug] [2025-07-31T16:46:45.845Z] [unzip] deflating: /root/.cache/firebase/emulators/ui-v1.11.6/client/apple-touch-icon.png
[debug] [2025-07-31T16:46:45.846Z] [unzip] Entry: client/android-chrome-512x512.png (compressed_size=16987 bytes, uncompressed_size=18186 bytes)
[debug] [2025-07-31T16:46:45.847Z] [unzip] Processing entry: client/android-chrome-512x512.png
[debug] [2025-07-31T16:46:45.847Z] [unzip] else mkdir: /root/.cache/firebase/emulators/ui-v1.11.6/client
[debug] [2025-07-31T16:46:45.847Z] [unzip] deflating: /root/.cache/firebase/emulators/ui-v1.11.6/client/android-chrome-512x512.png
[debug] [2025-07-31T16:46:45.848Z] [unzip] Entry: client/assets/ (compressed_size=0 bytes, uncompressed_size=0 bytes)
[debug] [2025-07-31T16:46:45.848Z] [unzip] Processing entry: client/assets/
[debug] [2025-07-31T16:46:45.848Z] [unzip] mkdir: /root/.cache/firebase/emulators/ui-v1.11.6/client/assets/
[debug] [2025-07-31T16:46:45.849Z] [unzip] Entry: client/assets/extensions/ (compressed_size=0 bytes, uncompressed_size=0 bytes)
[debug] [2025-07-31T16:46:45.849Z] [unzip] Processing entry: client/assets/extensions/
[debug] [2025-07-31T16:46:45.849Z] [unzip] mkdir: /root/.cache/firebase/emulators/ui-v1.11.6/client/assets/extensions/
[debug] [2025-07-31T16:46:45.849Z] [unzip] Entry: client/assets/extensions/default-extension.png (compressed_size=1646 bytes, uncompressed_size=1657 bytes)
[debug] [2025-07-31T16:46:45.849Z] [unzip] Processing entry: client/assets/extensions/default-extension.png
[debug] [2025-07-31T16:46:45.849Z] [unzip] else mkdir: /root/.cache/firebase/emulators/ui-v1.11.6/client/assets/extensions
[debug] [2025-07-31T16:46:45.849Z] [unzip] deflating: /root/.cache/firebase/emulators/ui-v1.11.6/client/assets/extensions/default-extension.png
[debug] [2025-07-31T16:46:45.850Z] [unzip] Entry: client/assets/index.85584c3f.js (compressed_size=526096 bytes, uncompressed_size=1859818 bytes)
[debug] [2025-07-31T16:46:45.850Z] [unzip] Processing entry: client/assets/index.85584c3f.js
[debug] [2025-07-31T16:46:45.850Z] [unzip] else mkdir: /root/.cache/firebase/emulators/ui-v1.11.6/client/assets
[debug] [2025-07-31T16:46:45.850Z] [unzip] deflating: /root/.cache/firebase/emulators/ui-v1.11.6/client/assets/index.85584c3f.js
[debug] [2025-07-31T16:46:45.867Z] [unzip] Entry: client/assets/provider-icons/ (compressed_size=0 bytes, uncompressed_size=0 bytes)
[debug] [2025-07-31T16:46:45.867Z] [unzip] Processing entry: client/assets/provider-icons/
[debug] [2025-07-31T16:46:45.867Z] [unzip] mkdir: /root/.cache/firebase/emulators/ui-v1.11.6/client/assets/provider-icons/
[debug] [2025-07-31T16:46:45.868Z] [unzip] Entry: client/assets/provider-icons/auth_service_oidc.svg (compressed_size=414 bytes, uncompressed_size=858 bytes)
[debug] [2025-07-31T16:46:45.868Z] [unzip] Processing entry: client/assets/provider-icons/auth_service_oidc.svg
[debug] [2025-07-31T16:46:45.868Z] [unzip] else mkdir: /root/.cache/firebase/emulators/ui-v1.11.6/client/assets/provider-icons
[debug] [2025-07-31T16:46:45.868Z] [unzip] deflating: /root/.cache/firebase/emulators/ui-v1.11.6/client/assets/provider-icons/auth_service_oidc.svg
[debug] [2025-07-31T16:46:45.869Z] [unzip] Entry: client/assets/provider-icons/auth_service_yahoo.svg (compressed_size=577 bytes, uncompressed_size=1182 bytes)
[debug] [2025-07-31T16:46:45.869Z] [unzip] Processing entry: client/assets/provider-icons/auth_service_yahoo.svg
[debug] [2025-07-31T16:46:45.869Z] [unzip] else mkdir: /root/.cache/firebase/emulators/ui-v1.11.6/client/assets/provider-icons
[debug] [2025-07-31T16:46:45.869Z] [unzip] deflating: /root/.cache/firebase/emulators/ui-v1.11.6/client/assets/provider-icons/auth_service_yahoo.svg
[debug] [2025-07-31T16:46:45.870Z] [unzip] Entry: client/assets/provider-icons/auth_service_phone.svg (compressed_size=261 bytes, uncompressed_size=414 bytes)
[debug] [2025-07-31T16:46:45.870Z] [unzip] Processing entry: client/assets/provider-icons/auth_service_phone.svg
[debug] [2025-07-31T16:46:45.870Z] [unzip] else mkdir: /root/.cache/firebase/emulators/ui-v1.11.6/client/assets/provider-icons
[debug] [2025-07-31T16:46:45.871Z] [unzip] deflating: /root/.cache/firebase/emulators/ui-v1.11.6/client/assets/provider-icons/auth_service_phone.svg
[debug] [2025-07-31T16:46:45.871Z] [unzip] Entry: client/assets/provider-icons/auth_service_saml.svg (compressed_size=575 bytes, uncompressed_size=1226 bytes)
[debug] [2025-07-31T16:46:45.872Z] [unzip] Processing entry: client/assets/provider-icons/auth_service_saml.svg
[debug] [2025-07-31T16:46:45.872Z] [unzip] else mkdir: /root/.cache/firebase/emulators/ui-v1.11.6/client/assets/provider-icons
[debug] [2025-07-31T16:46:45.872Z] [unzip] deflating: /root/.cache/firebase/emulators/ui-v1.11.6/client/assets/provider-icons/auth_service_saml.svg
[debug] [2025-07-31T16:46:45.872Z] [unzip] Entry: client/assets/provider-icons/auth_service_mslive.svg (compressed_size=203 bytes, uncompressed_size=378 bytes)
[debug] [2025-07-31T16:46:45.872Z] [unzip] Processing entry: client/assets/provider-icons/auth_service_mslive.svg
[debug] [2025-07-31T16:46:45.872Z] [unzip] else mkdir: /root/.cache/firebase/emulators/ui-v1.11.6/client/assets/provider-icons
[debug] [2025-07-31T16:46:45.873Z] [unzip] deflating: /root/.cache/firebase/emulators/ui-v1.11.6/client/assets/provider-icons/auth_service_mslive.svg
[debug] [2025-07-31T16:46:45.873Z] [unzip] Entry: client/assets/provider-icons/auth_service_facebook.svg (compressed_size=289 bytes, uncompressed_size=457 bytes)
[debug] [2025-07-31T16:46:45.873Z] [unzip] Processing entry: client/assets/provider-icons/auth_service_facebook.svg
[debug] [2025-07-31T16:46:45.873Z] [unzip] else mkdir: /root/.cache/firebase/emulators/ui-v1.11.6/client/assets/provider-icons
[debug] [2025-07-31T16:46:45.874Z] [unzip] deflating: /root/.cache/firebase/emulators/ui-v1.11.6/client/assets/provider-icons/auth_service_facebook.svg
[debug] [2025-07-31T16:46:45.874Z] [unzip] Entry: client/assets/provider-icons/auth_service_play_games.svg (compressed_size=565 bytes, uncompressed_size=1173 bytes)
[debug] [2025-07-31T16:46:45.874Z] [unzip] Processing entry: client/assets/provider-icons/auth_service_play_games.svg
[debug] [2025-07-31T16:46:45.874Z] [unzip] else mkdir: /root/.cache/firebase/emulators/ui-v1.11.6/client/assets/provider-icons
[debug] [2025-07-31T16:46:45.874Z] [unzip] deflating: /root/.cache/firebase/emulators/ui-v1.11.6/client/assets/provider-icons/auth_service_play_games.svg
[debug] [2025-07-31T16:46:45.875Z] [unzip] Entry: client/assets/provider-icons/auth_service_github.svg (compressed_size=466 bytes, uncompressed_size=838 bytes)
[debug] [2025-07-31T16:46:45.876Z] [unzip] Processing entry: client/assets/provider-icons/auth_service_github.svg
[debug] [2025-07-31T16:46:45.876Z] [unzip] else mkdir: /root/.cache/firebase/emulators/ui-v1.11.6/client/assets/provider-icons
[debug] [2025-07-31T16:46:45.876Z] [unzip] deflating: /root/.cache/firebase/emulators/ui-v1.11.6/client/assets/provider-icons/auth_service_github.svg
[debug] [2025-07-31T16:46:45.876Z] [unzip] Entry: client/assets/provider-icons/auth_service_apple.svg (compressed_size=230 bytes, uncompressed_size=334 bytes)
[debug] [2025-07-31T16:46:45.876Z] [unzip] Processing entry: client/assets/provider-icons/auth_service_apple.svg
[debug] [2025-07-31T16:46:45.876Z] [unzip] else mkdir: /root/.cache/firebase/emulators/ui-v1.11.6/client/assets/provider-icons
[debug] [2025-07-31T16:46:45.876Z] [unzip] deflating: /root/.cache/firebase/emulators/ui-v1.11.6/client/assets/provider-icons/auth_service_apple.svg
[debug] [2025-07-31T16:46:45.877Z] [unzip] Entry: client/assets/provider-icons/auth_service_google.svg (compressed_size=409 bytes, uncompressed_size=720 bytes)
[debug] [2025-07-31T16:46:45.877Z] [unzip] Processing entry: client/assets/provider-icons/auth_service_google.svg
[debug] [2025-07-31T16:46:45.877Z] [unzip] else mkdir: /root/.cache/firebase/emulators/ui-v1.11.6/client/assets/provider-icons
[debug] [2025-07-31T16:46:45.877Z] [unzip] deflating: /root/.cache/firebase/emulators/ui-v1.11.6/client/assets/provider-icons/auth_service_google.svg
[debug] [2025-07-31T16:46:45.878Z] [unzip] Entry: client/assets/provider-icons/auth_service_email.svg (compressed_size=228 bytes, uncompressed_size=326 bytes)
[debug] [2025-07-31T16:46:45.878Z] [unzip] Processing entry: client/assets/provider-icons/auth_service_email.svg
[debug] [2025-07-31T16:46:45.878Z] [unzip] else mkdir: /root/.cache/firebase/emulators/ui-v1.11.6/client/assets/provider-icons
[debug] [2025-07-31T16:46:45.878Z] [unzip] deflating: /root/.cache/firebase/emulators/ui-v1.11.6/client/assets/provider-icons/auth_service_email.svg
[debug] [2025-07-31T16:46:45.879Z] [unzip] Entry: client/assets/provider-icons/auth_service_twitter.svg (compressed_size=444 bytes, uncompressed_size=751 bytes)
[debug] [2025-07-31T16:46:45.879Z] [unzip] Processing entry: client/assets/provider-icons/auth_service_twitter.svg
[debug] [2025-07-31T16:46:45.879Z] [unzip] else mkdir: /root/.cache/firebase/emulators/ui-v1.11.6/client/assets/provider-icons
[debug] [2025-07-31T16:46:45.879Z] [unzip] deflating: /root/.cache/firebase/emulators/ui-v1.11.6/client/assets/provider-icons/auth_service_twitter.svg
[debug] [2025-07-31T16:46:45.880Z] [unzip] Entry: client/assets/provider-icons/auth_service_game_center.svg (compressed_size=991 bytes, uncompressed_size=3921 bytes)
[debug] [2025-07-31T16:46:45.880Z] [unzip] Processing entry: client/assets/provider-icons/auth_service_game_center.svg
[debug] [2025-07-31T16:46:45.880Z] [unzip] else mkdir: /root/.cache/firebase/emulators/ui-v1.11.6/client/assets/provider-icons
[debug] [2025-07-31T16:46:45.880Z] [unzip] deflating: /root/.cache/firebase/emulators/ui-v1.11.6/client/assets/provider-icons/auth_service_game_center.svg
[debug] [2025-07-31T16:46:45.882Z] [unzip] Entry: client/assets/img/ (compressed_size=0 bytes, uncompressed_size=0 bytes)
[debug] [2025-07-31T16:46:45.882Z] [unzip] Processing entry: client/assets/img/
[debug] [2025-07-31T16:46:45.882Z] [unzip] mkdir: /root/.cache/firebase/emulators/ui-v1.11.6/client/assets/img/
[debug] [2025-07-31T16:46:45.883Z] [unzip] Entry: client/assets/img/database.png (compressed_size=29449 bytes, uncompressed_size=29988 bytes)
[debug] [2025-07-31T16:46:45.883Z] [unzip] Processing entry: client/assets/img/database.png
[debug] [2025-07-31T16:46:45.883Z] [unzip] else mkdir: /root/.cache/firebase/emulators/ui-v1.11.6/client/assets/img
[debug] [2025-07-31T16:46:45.883Z] [unzip] deflating: /root/.cache/firebase/emulators/ui-v1.11.6/client/assets/img/database.png
[debug] [2025-07-31T16:46:45.884Z] [unzip] Entry: client/assets/index.b9383ce5.css (compressed_size=37605 bytes, uncompressed_size=321268 bytes)
[debug] [2025-07-31T16:46:45.884Z] [unzip] Processing entry: client/assets/index.b9383ce5.css
[debug] [2025-07-31T16:46:45.884Z] [unzip] else mkdir: /root/.cache/firebase/emulators/ui-v1.11.6/client/assets
[debug] [2025-07-31T16:46:45.884Z] [unzip] deflating: /root/.cache/firebase/emulators/ui-v1.11.6/client/assets/index.b9383ce5.css
[debug] [2025-07-31T16:46:45.886Z] [unzip] Entry: client/assets/index.85584c3f.js.map (compressed_size=1778028 bytes, uncompressed_size=7960238 bytes)
[debug] [2025-07-31T16:46:45.887Z] [unzip] Processing entry: client/assets/index.85584c3f.js.map
[debug] [2025-07-31T16:46:45.887Z] [unzip] else mkdir: /root/.cache/firebase/emulators/ui-v1.11.6/client/assets
[debug] [2025-07-31T16:46:45.887Z] [unzip] deflating: /root/.cache/firebase/emulators/ui-v1.11.6/client/assets/index.85584c3f.js.map
[debug] [2025-07-31T16:46:45.942Z] [unzip] Entry: client/safari-pinned-tab.svg (compressed_size=838 bytes, uncompressed_size=1504 bytes)
[debug] [2025-07-31T16:46:45.942Z] [unzip] Processing entry: client/safari-pinned-tab.svg
[debug] [2025-07-31T16:46:45.942Z] [unzip] else mkdir: /root/.cache/firebase/emulators/ui-v1.11.6/client
[debug] [2025-07-31T16:46:45.942Z] [unzip] deflating: /root/.cache/firebase/emulators/ui-v1.11.6/client/safari-pinned-tab.svg
[debug] [2025-07-31T16:46:45.943Z] [unzip] Entry: client/mstile-150x150.png (compressed_size=5406 bytes, uncompressed_size=5723 bytes)
[debug] [2025-07-31T16:46:45.943Z] [unzip] Processing entry: client/mstile-150x150.png
[debug] [2025-07-31T16:46:45.943Z] [unzip] else mkdir: /root/.cache/firebase/emulators/ui-v1.11.6/client
[debug] [2025-07-31T16:46:45.943Z] [unzip] deflating: /root/.cache/firebase/emulators/ui-v1.11.6/client/mstile-150x150.png
[debug] [2025-07-31T16:46:45.944Z] [unzip] Entry: client/browserconfig.xml (compressed_size=491 bytes, uncompressed_size=822 bytes)
[debug] [2025-07-31T16:46:45.944Z] [unzip] Processing entry: client/browserconfig.xml
[debug] [2025-07-31T16:46:45.944Z] [unzip] else mkdir: /root/.cache/firebase/emulators/ui-v1.11.6/client
[debug] [2025-07-31T16:46:45.944Z] [unzip] deflating: /root/.cache/firebase/emulators/ui-v1.11.6/client/browserconfig.xml
[debug] [2025-07-31T16:46:45.944Z] [unzip] Entry: client/robots.txt (compressed_size=26 bytes, uncompressed_size=26 bytes)
[debug] [2025-07-31T16:46:45.944Z] [unzip] Processing entry: client/robots.txt
[debug] [2025-07-31T16:46:45.944Z] [unzip] else mkdir: /root/.cache/firebase/emulators/ui-v1.11.6/client
[debug] [2025-07-31T16:46:45.945Z] [unzip] Writing file: /root/.cache/firebase/emulators/ui-v1.11.6/client/robots.txt
[debug] [2025-07-31T16:46:45.945Z] [unzip] Entry: client/index.html (compressed_size=1363 bytes, uncompressed_size=3064 bytes)
[debug] [2025-07-31T16:46:45.945Z] [unzip] Processing entry: client/index.html
[debug] [2025-07-31T16:46:45.945Z] [unzip] else mkdir: /root/.cache/firebase/emulators/ui-v1.11.6/client
[debug] [2025-07-31T16:46:45.945Z] [unzip] deflating: /root/.cache/firebase/emulators/ui-v1.11.6/client/index.html
[debug] [2025-07-31T16:46:45.946Z] [unzip] Entry: client/favicon-16x16.png (compressed_size=757 bytes, uncompressed_size=777 bytes)
[debug] [2025-07-31T16:46:45.946Z] [unzip] Processing entry: client/favicon-16x16.png
[debug] [2025-07-31T16:46:45.946Z] [unzip] else mkdir: /root/.cache/firebase/emulators/ui-v1.11.6/client
[debug] [2025-07-31T16:46:45.946Z] [unzip] deflating: /root/.cache/firebase/emulators/ui-v1.11.6/client/favicon-16x16.png
[debug] [2025-07-31T16:46:45.947Z] [unzip] Entry: client/manifest.json (compressed_size=246 bytes, uncompressed_size=551 bytes)
[debug] [2025-07-31T16:46:45.947Z] [unzip] Processing entry: client/manifest.json
[debug] [2025-07-31T16:46:45.947Z] [unzip] else mkdir: /root/.cache/firebase/emulators/ui-v1.11.6/client
[debug] [2025-07-31T16:46:45.947Z] [unzip] deflating: /root/.cache/firebase/emulators/ui-v1.11.6/client/manifest.json
[debug] [2025-07-31T16:46:45.947Z] [unzip] Entry: client/favicon-32x32.png (compressed_size=1175 bytes, uncompressed_size=1175 bytes)
[debug] [2025-07-31T16:46:45.947Z] [unzip] Processing entry: client/favicon-32x32.png
[debug] [2025-07-31T16:46:45.947Z] [unzip] else mkdir: /root/.cache/firebase/emulators/ui-v1.11.6/client
[debug] [2025-07-31T16:46:45.947Z] [unzip] Writing file: /root/.cache/firebase/emulators/ui-v1.11.6/client/favicon-32x32.png
[debug] [2025-07-31T16:46:45.948Z] [unzip] Entry: client/android-chrome-192x192.png (compressed_size=7602 bytes, uncompressed_size=7834 bytes)
[debug] [2025-07-31T16:46:45.948Z] [unzip] Processing entry: client/android-chrome-192x192.png
[debug] [2025-07-31T16:46:45.948Z] [unzip] else mkdir: /root/.cache/firebase/emulators/ui-v1.11.6/client
[debug] [2025-07-31T16:46:45.948Z] [unzip] deflating: /root/.cache/firebase/emulators/ui-v1.11.6/client/android-chrome-192x192.png
[debug] [2025-07-31T16:46:45.949Z] [unzip] Entry: server/ (compressed_size=0 bytes, uncompressed_size=0 bytes)
[debug] [2025-07-31T16:46:45.949Z] [unzip] Processing entry: server/
[debug] [2025-07-31T16:46:45.949Z] [unzip] mkdir: /root/.cache/firebase/emulators/ui-v1.11.6/server/
[debug] [2025-07-31T16:46:45.949Z] [unzip] Entry: server/server.js (compressed_size=343746 bytes, uncompressed_size=1346374 bytes)
[debug] [2025-07-31T16:46:45.949Z] [unzip] Processing entry: server/server.js
[debug] [2025-07-31T16:46:45.949Z] [unzip] else mkdir: /root/.cache/firebase/emulators/ui-v1.11.6/server
[debug] [2025-07-31T16:46:45.949Z] [unzip] deflating: /root/.cache/firebase/emulators/ui-v1.11.6/server/server.js
[debug] [2025-07-31T16:46:45.957Z] [unzip] Entry: server/server.js.map (compressed_size=289157 bytes, uncompressed_size=1325651 bytes)
[debug] [2025-07-31T16:46:45.957Z] [unzip] Processing entry: server/server.js.map
[debug] [2025-07-31T16:46:45.957Z] [unzip] else mkdir: /root/.cache/firebase/emulators/ui-v1.11.6/server
[debug] [2025-07-31T16:46:45.958Z] [unzip] deflating: /root/.cache/firebase/emulators/ui-v1.11.6/server/server.js.map
[debug] [2025-07-31T16:46:45.965Z] Ignoring unsupported arg: auto_download {"metadata":{"emulator":{"name":"ui"},"message":"Ignoring unsupported arg: auto_download"}}
[debug] [2025-07-31T16:46:45.966Z] Ignoring unsupported arg: port {"metadata":{"emulator":{"name":"ui"},"message":"Ignoring unsupported arg: port"}}
[debug] [2025-07-31T16:46:45.966Z] Starting Emulator UI with command {"binary":"node","args":["/root/.cache/firebase/emulators/ui-v1.11.6/server/server.js"],"optionalArgs":[],"joinArgs":false} {"metadata":{"emulator":{"name":"ui"},"message":"Starting Emulator UI with command {\"binary\":\"node\",\"args\":[\"/root/.cache/firebase/emulators/ui-v1.11.6/server/server.js\"],\"optionalArgs\":[],\"joinArgs\":false}"}}
[info] i  ui: Emulator UI logging to ui-debug.log {"metadata":{"emulator":{"name":"ui"},"message":"Emulator UI logging to ui-debug.log"}}
[debug] [2025-07-31T16:46:46.086Z] Web / API server started at 0.0.0.0:4000
 {"metadata":{"emulator":{"name":"ui"},"message":"Web / API server started at 0.0.0.0:4000\n"}}
[info] 
┌─────────────────────────────────────────────────────────────┐
│ ✔  All emulators ready! It is now safe to connect your app. │
│ i  View Emulator UI at http://127.0.0.1:4000/               │
└─────────────────────────────────────────────────────────────┘

┌────────────────┬──────────────┬─────────────────────────────────┐
│ Emulator       │ Host:Port    │ View in Emulator UI             │
├────────────────┼──────────────┼─────────────────────────────────┤
│ Authentication │ 0.0.0.0:9099 │ http://127.0.0.1:4000/auth      │
├────────────────┼──────────────┼─────────────────────────────────┤
│ Firestore      │ 0.0.0.0:8080 │ http://127.0.0.1:4000/firestore │
└────────────────┴──────────────┴─────────────────────────────────┘
  Emulator Hub running at 127.0.0.1:4400
  Other reserved ports: 4500, 9150

Issues? Report them at https://github.com/firebase/firebase-tools/issues and attach the *-debug.log files.
 
[debug] [2025-07-31T16:46:56.796Z] Jul 31, 2025 4:46:56 PM io.gapi.emulators.netty.HttpVersionRoutingHandler channelRead
INFO: Detected non-HTTP/2 connection.
 {"metadata":{"emulator":{"name":"firestore"},"message":"Jul 31, 2025 4:46:56 PM io.gapi.emulators.netty.HttpVersionRoutingHandler channelRead\nINFO: Detected non-HTTP/2 connection.\n"}}
[debug] [2025-07-31T16:46:57.305Z] Jul 31, 2025 4:46:57 PM io.gapi.emulators.netty.HttpVersionRoutingHandler channelRead
INFO: Detected non-HTTP/2 connection.
 {"metadata":{"emulator":{"name":"firestore"},"message":"Jul 31, 2025 4:46:57 PM io.gapi.emulators.netty.HttpVersionRoutingHandler channelRead\nINFO: Detected non-HTTP/2 connection.\n"}}
[debug] [2025-07-31T16:47:57.398Z] Jul 31, 2025 4:47:57 PM io.gapi.emulators.netty.HttpVersionRoutingHandler channelRead
INFO: Detected non-HTTP/2 connection.
 {"metadata":{"emulator":{"name":"firestore"},"message":"Jul 31, 2025 4:47:57 PM io.gapi.emulators.netty.HttpVersionRoutingHandler channelRead\nINFO: Detected non-HTTP/2 connection.\n"}}
[debug] [2025-07-31T16:48:57.496Z] Jul 31, 2025 4:48:57 PM io.gapi.emulators.netty.HttpVersionRoutingHandler channelRead
INFO: Detected non-HTTP/2 connection.
 {"metadata":{"emulator":{"name":"firestore"},"message":"Jul 31, 2025 4:48:57 PM io.gapi.emulators.netty.HttpVersionRoutingHandler channelRead\nINFO: Detected non-HTTP/2 connection.\n"}}
[debug] [2025-07-31T16:49:57.614Z] Jul 31, 2025 4:49:57 PM io.gapi.emulators.netty.HttpVersionRoutingHandler channelRead
INFO: Detected non-HTTP/2 connection.
 {"metadata":{"emulator":{"name":"firestore"},"message":"Jul 31, 2025 4:49:57 PM io.gapi.emulators.netty.HttpVersionRoutingHandler channelRead\nINFO: Detected non-HTTP/2 connection.\n"}}
[debug] [2025-07-31T16:50:57.693Z] Jul 31, 2025 4:50:57 PM io.gapi.emulators.netty.HttpVersionRoutingHandler channelRead
INFO: Detected non-HTTP/2 connection.
 {"metadata":{"emulator":{"name":"firestore"},"message":"Jul 31, 2025 4:50:57 PM io.gapi.emulators.netty.HttpVersionRoutingHandler channelRead\nINFO: Detected non-HTTP/2 connection.\n"}}
[debug] [2025-07-31T16:51:57.900Z] Jul 31, 2025 4:51:57 PM io.gapi.emulators.netty.HttpVersionRoutingHandler channelRead
INFO: Detected non-HTTP/2 connection.
 {"metadata":{"emulator":{"name":"firestore"},"message":"Jul 31, 2025 4:51:57 PM io.gapi.emulators.netty.HttpVersionRoutingHandler channelRead\nINFO: Detected non-HTTP/2 connection.\n"}}
[debug] [2025-07-31T16:52:58.001Z] Jul 31, 2025 4:52:57 PM io.gapi.emulators.netty.HttpVersionRoutingHandler channelRead
INFO: Detected non-HTTP/2 connection.
 {"metadata":{"emulator":{"name":"firestore"},"message":"Jul 31, 2025 4:52:57 PM io.gapi.emulators.netty.HttpVersionRoutingHandler channelRead\nINFO: Detected non-HTTP/2 connection.\n"}}
[debug] [2025-07-31T16:53:58.737Z] Jul 31, 2025 4:53:58 PM io.gapi.emulators.netty.HttpVersionRoutingHandler channelRead
INFO: Detected non-HTTP/2 connection.
 {"metadata":{"emulator":{"name":"firestore"},"message":"Jul 31, 2025 4:53:58 PM io.gapi.emulators.netty.HttpVersionRoutingHandler channelRead\nINFO: Detected non-HTTP/2 connection.\n"}}
[debug] [2025-07-31T16:54:58.844Z] Jul 31, 2025 4:54:58 PM io.gapi.emulators.netty.HttpVersionRoutingHandler channelRead
INFO: Detected non-HTTP/2 connection.
 {"metadata":{"emulator":{"name":"firestore"},"message":"Jul 31, 2025 4:54:58 PM io.gapi.emulators.netty.HttpVersionRoutingHandler channelRead\nINFO: Detected non-HTTP/2 connection.\n"}}
[debug] [2025-07-31T16:55:14.132Z] Jul 31, 2025 4:55:14 PM io.gapi.emulators.netty.HttpVersionRoutingHandler channelRead
INFO: Detected HTTP/2 connection.
 {"metadata":{"emulator":{"name":"firestore"},"message":"Jul 31, 2025 4:55:14 PM io.gapi.emulators.netty.HttpVersionRoutingHandler channelRead\nINFO: Detected HTTP/2 connection.\n"}}
[debug] [2025-07-31T16:55:44.852Z] Jul 31, 2025 4:55:44 PM io.gapi.emulators.netty.HttpVersionRoutingHandler channelRead
INFO: Detected non-HTTP/2 connection.
 {"metadata":{"emulator":{"name":"firestore"},"message":"Jul 31, 2025 4:55:44 PM io.gapi.emulators.netty.HttpVersionRoutingHandler channelRead\nINFO: Detected non-HTTP/2 connection.\n"}}
[debug] [2025-07-31T16:56:44.960Z] Jul 31, 2025 4:56:44 PM io.gapi.emulators.netty.HttpVersionRoutingHandler channelRead
INFO: Detected non-HTTP/2 connection.
 {"metadata":{"emulator":{"name":"firestore"},"message":"Jul 31, 2025 4:56:44 PM io.gapi.emulators.netty.HttpVersionRoutingHandler channelRead\nINFO: Detected non-HTTP/2 connection.\n"}}
[debug] [2025-07-31T16:57:45.078Z] Jul 31, 2025 4:57:45 PM io.gapi.emulators.netty.HttpVersionRoutingHandler channelRead
INFO: Detected non-HTTP/2 connection.
 {"metadata":{"emulator":{"name":"firestore"},"message":"Jul 31, 2025 4:57:45 PM io.gapi.emulators.netty.HttpVersionRoutingHandler channelRead\nINFO: Detected non-HTTP/2 connection.\n"}}
[debug] [2025-07-31T16:58:45.232Z] Jul 31, 2025 4:58:45 PM io.gapi.emulators.netty.HttpVersionRoutingHandler channelRead
INFO: Detected non-HTTP/2 connection.
 {"metadata":{"emulator":{"name":"firestore"},"message":"Jul 31, 2025 4:58:45 PM io.gapi.emulators.netty.HttpVersionRoutingHandler channelRead\nINFO: Detected non-HTTP/2 connection.\n"}}
[debug] [2025-07-31T16:59:45.866Z] Jul 31, 2025 4:59:45 PM io.gapi.emulators.netty.HttpVersionRoutingHandler channelRead
INFO: Detected non-HTTP/2 connection.
 {"metadata":{"emulator":{"name":"firestore"},"message":"Jul 31, 2025 4:59:45 PM io.gapi.emulators.netty.HttpVersionRoutingHandler channelRead\nINFO: Detected non-HTTP/2 connection.\n"}}
[debug] [2025-07-31T17:00:46.114Z] Jul 31, 2025 5:00:46 PM io.gapi.emulators.netty.HttpVersionRoutingHandler channelRead
INFO: Detected non-HTTP/2 connection.
 {"metadata":{"emulator":{"name":"firestore"},"message":"Jul 31, 2025 5:00:46 PM io.gapi.emulators.netty.HttpVersionRoutingHandler channelRead\nINFO: Detected non-HTTP/2 connection.\n"}}
[debug] [2025-07-31T17:01:46.173Z] Jul 31, 2025 5:01:46 PM io.gapi.emulators.netty.HttpVersionRoutingHandler channelRead
INFO: Detected non-HTTP/2 connection.
 {"metadata":{"emulator":{"name":"firestore"},"message":"Jul 31, 2025 5:01:46 PM io.gapi.emulators.netty.HttpVersionRoutingHandler channelRead\nINFO: Detected non-HTTP/2 connection.\n"}}
[debug] [2025-07-31T17:02:46.247Z] Jul 31, 2025 5:02:46 PM io.gapi.emulators.netty.HttpVersionRoutingHandler channelRead
INFO: Detected non-HTTP/2 connection.
 {"metadata":{"emulator":{"name":"firestore"},"message":"Jul 31, 2025 5:02:46 PM io.gapi.emulators.netty.HttpVersionRoutingHandler channelRead\nINFO: Detected non-HTTP/2 connection.\n"}}
[debug] [2025-07-31T17:03:46.355Z] Jul 31, 2025 5:03:46 PM io.gapi.emulators.netty.HttpVersionRoutingHandler channelRead
INFO: Detected non-HTTP/2 connection.
 {"metadata":{"emulator":{"name":"firestore"},"message":"Jul 31, 2025 5:03:46 PM io.gapi.emulators.netty.HttpVersionRoutingHandler channelRead\nINFO: Detected non-HTTP/2 connection.\n"}}
[debug] [2025-07-31T17:04:46.441Z] Jul 31, 2025 5:04:46 PM io.gapi.emulators.netty.HttpVersionRoutingHandler channelRead
INFO: Detected non-HTTP/2 connection.
 {"metadata":{"emulator":{"name":"firestore"},"message":"Jul 31, 2025 5:04:46 PM io.gapi.emulators.netty.HttpVersionRoutingHandler channelRead\nINFO: Detected non-HTTP/2 connection.\n"}}
[debug] [2025-07-31T17:05:46.524Z] Jul 31, 2025 5:05:46 PM io.gapi.emulators.netty.HttpVersionRoutingHandler channelRead
INFO: Detected non-HTTP/2 connection.
 {"metadata":{"emulator":{"name":"firestore"},"message":"Jul 31, 2025 5:05:46 PM io.gapi.emulators.netty.HttpVersionRoutingHandler channelRead\nINFO: Detected non-HTTP/2 connection.\n"}}
[debug] [2025-07-31T17:06:46.647Z] Jul 31, 2025 5:06:46 PM io.gapi.emulators.netty.HttpVersionRoutingHandler channelRead
INFO: Detected non-HTTP/2 connection.
 {"metadata":{"emulator":{"name":"firestore"},"message":"Jul 31, 2025 5:06:46 PM io.gapi.emulators.netty.HttpVersionRoutingHandler channelRead\nINFO: Detected non-HTTP/2 connection.\n"}}
[debug] [2025-07-31T17:07:46.736Z] Jul 31, 2025 5:07:46 PM io.gapi.emulators.netty.HttpVersionRoutingHandler channelRead
INFO: Detected non-HTTP/2 connection.
 {"metadata":{"emulator":{"name":"firestore"},"message":"Jul 31, 2025 5:07:46 PM io.gapi.emulators.netty.HttpVersionRoutingHandler channelRead\nINFO: Detected non-HTTP/2 connection.\n"}}
[debug] [2025-07-31T17:08:46.831Z] Jul 31, 2025 5:08:46 PM io.gapi.emulators.netty.HttpVersionRoutingHandler channelRead
INFO: Detected non-HTTP/2 connection.
 {"metadata":{"emulator":{"name":"firestore"},"message":"Jul 31, 2025 5:08:46 PM io.gapi.emulators.netty.HttpVersionRoutingHandler channelRead\nINFO: Detected non-HTTP/2 connection.\n"}}
[debug] [2025-07-31T17:09:46.925Z] Jul 31, 2025 5:09:46 PM io.gapi.emulators.netty.HttpVersionRoutingHandler channelRead
INFO: Detected non-HTTP/2 connection.
 {"metadata":{"emulator":{"name":"firestore"},"message":"Jul 31, 2025 5:09:46 PM io.gapi.emulators.netty.HttpVersionRoutingHandler channelRead\nINFO: Detected non-HTTP/2 connection.\n"}}
[debug] [2025-07-31T17:10:47.013Z] Jul 31, 2025 5:10:47 PM io.gapi.emulators.netty.HttpVersionRoutingHandler channelRead
INFO: Detected non-HTTP/2 connection.
 {"metadata":{"emulator":{"name":"firestore"},"message":"Jul 31, 2025 5:10:47 PM io.gapi.emulators.netty.HttpVersionRoutingHandler channelRead\nINFO: Detected non-HTTP/2 connection.\n"}}
[debug] [2025-07-31T17:11:47.116Z] Jul 31, 2025 5:11:47 PM io.gapi.emulators.netty.HttpVersionRoutingHandler channelRead
INFO: Detected non-HTTP/2 connection.
 {"metadata":{"emulator":{"name":"firestore"},"message":"Jul 31, 2025 5:11:47 PM io.gapi.emulators.netty.HttpVersionRoutingHandler channelRead\nINFO: Detected non-HTTP/2 connection.\n"}}
[debug] [2025-07-31T17:12:47.203Z] Jul 31, 2025 5:12:47 PM io.gapi.emulators.netty.HttpVersionRoutingHandler channelRead
INFO: Detected non-HTTP/2 connection.
 {"metadata":{"emulator":{"name":"firestore"},"message":"Jul 31, 2025 5:12:47 PM io.gapi.emulators.netty.HttpVersionRoutingHandler channelRead\nINFO: Detected non-HTTP/2 connection.\n"}}
[debug] [2025-07-31T17:13:47.285Z] Jul 31, 2025 5:13:47 PM io.gapi.emulators.netty.HttpVersionRoutingHandler channelRead
INFO: Detected non-HTTP/2 connection.
 {"metadata":{"emulator":{"name":"firestore"},"message":"Jul 31, 2025 5:13:47 PM io.gapi.emulators.netty.HttpVersionRoutingHandler channelRead\nINFO: Detected non-HTTP/2 connection.\n"}}
[debug] [2025-07-31T17:14:47.359Z] Jul 31, 2025 5:14:47 PM io.gapi.emulators.netty.HttpVersionRoutingHandler channelRead
INFO: Detected non-HTTP/2 connection.
 {"metadata":{"emulator":{"name":"firestore"},"message":"Jul 31, 2025 5:14:47 PM io.gapi.emulators.netty.HttpVersionRoutingHandler channelRead\nINFO: Detected non-HTTP/2 connection.\n"}}
[debug] [2025-07-31T17:15:47.436Z] Jul 31, 2025 5:15:47 PM io.gapi.emulators.netty.HttpVersionRoutingHandler channelRead
INFO: Detected non-HTTP/2 connection.
 {"metadata":{"emulator":{"name":"firestore"},"message":"Jul 31, 2025 5:15:47 PM io.gapi.emulators.netty.HttpVersionRoutingHandler channelRead\nINFO: Detected non-HTTP/2 connection.\n"}}
[debug] [2025-07-31T17:16:47.525Z] Jul 31, 2025 5:16:47 PM io.gapi.emulators.netty.HttpVersionRoutingHandler channelRead
INFO: Detected non-HTTP/2 connection.
 {"metadata":{"emulator":{"name":"firestore"},"message":"Jul 31, 2025 5:16:47 PM io.gapi.emulators.netty.HttpVersionRoutingHandler channelRead\nINFO: Detected non-HTTP/2 connection.\n"}}
[debug] [2025-07-31T17:17:47.604Z] Jul 31, 2025 5:17:47 PM io.gapi.emulators.netty.HttpVersionRoutingHandler channelRead
INFO: Detected non-HTTP/2 connection.
 {"metadata":{"emulator":{"name":"firestore"},"message":"Jul 31, 2025 5:17:47 PM io.gapi.emulators.netty.HttpVersionRoutingHandler channelRead\nINFO: Detected non-HTTP/2 connection.\n"}}
[debug] [2025-07-31T17:18:47.700Z] Jul 31, 2025 5:18:47 PM io.gapi.emulators.netty.HttpVersionRoutingHandler channelRead
INFO: Detected non-HTTP/2 connection.
 {"metadata":{"emulator":{"name":"firestore"},"message":"Jul 31, 2025 5:18:47 PM io.gapi.emulators.netty.HttpVersionRoutingHandler channelRead\nINFO: Detected non-HTTP/2 connection.\n"}}
[debug] [2025-07-31T17:19:47.787Z] Jul 31, 2025 5:19:47 PM io.gapi.emulators.netty.HttpVersionRoutingHandler channelRead
INFO: Detected non-HTTP/2 connection.
 {"metadata":{"emulator":{"name":"firestore"},"message":"Jul 31, 2025 5:19:47 PM io.gapi.emulators.netty.HttpVersionRoutingHandler channelRead\nINFO: Detected non-HTTP/2 connection.\n"}}
[debug] [2025-07-31T17:20:47.890Z] Jul 31, 2025 5:20:47 PM io.gapi.emulators.netty.HttpVersionRoutingHandler channelRead
INFO: Detected non-HTTP/2 connection.
 {"metadata":{"emulator":{"name":"firestore"},"message":"Jul 31, 2025 5:20:47 PM io.gapi.emulators.netty.HttpVersionRoutingHandler channelRead\nINFO: Detected non-HTTP/2 connection.\n"}}
[debug] [2025-07-31T17:21:48.031Z] Jul 31, 2025 5:21:48 PM io.gapi.emulators.netty.HttpVersionRoutingHandler channelRead
INFO: Detected non-HTTP/2 connection.
 {"metadata":{"emulator":{"name":"firestore"},"message":"Jul 31, 2025 5:21:48 PM io.gapi.emulators.netty.HttpVersionRoutingHandler channelRead\nINFO: Detected non-HTTP/2 connection.\n"}}
[debug] [2025-07-31T17:22:48.107Z] Jul 31, 2025 5:22:48 PM io.gapi.emulators.netty.HttpVersionRoutingHandler channelRead
INFO: Detected non-HTTP/2 connection.
 {"metadata":{"emulator":{"name":"firestore"},"message":"Jul 31, 2025 5:22:48 PM io.gapi.emulators.netty.HttpVersionRoutingHandler channelRead\nINFO: Detected non-HTTP/2 connection.\n"}}
[debug] [2025-07-31T17:23:48.182Z] Jul 31, 2025 5:23:48 PM io.gapi.emulators.netty.HttpVersionRoutingHandler channelRead
INFO: Detected non-HTTP/2 connection.
 {"metadata":{"emulator":{"name":"firestore"},"message":"Jul 31, 2025 5:23:48 PM io.gapi.emulators.netty.HttpVersionRoutingHandler channelRead\nINFO: Detected non-HTTP/2 connection.\n"}}
[debug] [2025-07-31T17:24:48.292Z] Jul 31, 2025 5:24:48 PM io.gapi.emulators.netty.HttpVersionRoutingHandler channelRead
INFO: Detected non-HTTP/2 connection.
 {"metadata":{"emulator":{"name":"firestore"},"message":"Jul 31, 2025 5:24:48 PM io.gapi.emulators.netty.HttpVersionRoutingHandler channelRead\nINFO: Detected non-HTTP/2 connection.\n"}}
[debug] [2025-07-31T17:25:48.368Z] Jul 31, 2025 5:25:48 PM io.gapi.emulators.netty.HttpVersionRoutingHandler channelRead
INFO: Detected non-HTTP/2 connection.
 {"metadata":{"emulator":{"name":"firestore"},"message":"Jul 31, 2025 5:25:48 PM io.gapi.emulators.netty.HttpVersionRoutingHandler channelRead\nINFO: Detected non-HTTP/2 connection.\n"}}
[debug] [2025-07-31T17:26:48.451Z] Jul 31, 2025 5:26:48 PM io.gapi.emulators.netty.HttpVersionRoutingHandler channelRead
INFO: Detected non-HTTP/2 connection.
 {"metadata":{"emulator":{"name":"firestore"},"message":"Jul 31, 2025 5:26:48 PM io.gapi.emulators.netty.HttpVersionRoutingHandler channelRead\nINFO: Detected non-HTTP/2 connection.\n"}}
[debug] [2025-07-31T17:27:48.532Z] Jul 31, 2025 5:27:48 PM io.gapi.emulators.netty.HttpVersionRoutingHandler channelRead
INFO: Detected non-HTTP/2 connection.
 {"metadata":{"emulator":{"name":"firestore"},"message":"Jul 31, 2025 5:27:48 PM io.gapi.emulators.netty.HttpVersionRoutingHandler channelRead\nINFO: Detected non-HTTP/2 connection.\n"}}
[debug] [2025-07-31T17:28:48.658Z] Jul 31, 2025 5:28:48 PM io.gapi.emulators.netty.HttpVersionRoutingHandler channelRead
INFO: Detected non-HTTP/2 connection.
 {"metadata":{"emulator":{"name":"firestore"},"message":"Jul 31, 2025 5:28:48 PM io.gapi.emulators.netty.HttpVersionRoutingHandler channelRead\nINFO: Detected non-HTTP/2 connection.\n"}}
[debug] [2025-07-31T17:29:48.792Z] Jul 31, 2025 5:29:48 PM io.gapi.emulators.netty.HttpVersionRoutingHandler channelRead
INFO: Detected non-HTTP/2 connection.
 {"metadata":{"emulator":{"name":"firestore"},"message":"Jul 31, 2025 5:29:48 PM io.gapi.emulators.netty.HttpVersionRoutingHandler channelRead\nINFO: Detected non-HTTP/2 connection.\n"}}
[debug] [2025-07-31T17:30:48.874Z] Jul 31, 2025 5:30:48 PM io.gapi.emulators.netty.HttpVersionRoutingHandler channelRead
INFO: Detected non-HTTP/2 connection.
 {"metadata":{"emulator":{"name":"firestore"},"message":"Jul 31, 2025 5:30:48 PM io.gapi.emulators.netty.HttpVersionRoutingHandler channelRead\nINFO: Detected non-HTTP/2 connection.\n"}}
[debug] [2025-07-31T17:31:48.942Z] Jul 31, 2025 5:31:48 PM io.gapi.emulators.netty.HttpVersionRoutingHandler channelRead
INFO: Detected non-HTTP/2 connection.
 {"metadata":{"emulator":{"name":"firestore"},"message":"Jul 31, 2025 5:31:48 PM io.gapi.emulators.netty.HttpVersionRoutingHandler channelRead\nINFO: Detected non-HTTP/2 connection.\n"}}
[debug] [2025-07-31T17:32:49.021Z] Jul 31, 2025 5:32:49 PM io.gapi.emulators.netty.HttpVersionRoutingHandler channelRead
INFO: Detected non-HTTP/2 connection.
 {"metadata":{"emulator":{"name":"firestore"},"message":"Jul 31, 2025 5:32:49 PM io.gapi.emulators.netty.HttpVersionRoutingHandler channelRead\nINFO: Detected non-HTTP/2 connection.\n"}}
[debug] [2025-07-31T17:33:49.208Z] Jul 31, 2025 5:33:49 PM io.gapi.emulators.netty.HttpVersionRoutingHandler channelRead
INFO: Detected non-HTTP/2 connection.
 {"metadata":{"emulator":{"name":"firestore"},"message":"Jul 31, 2025 5:33:49 PM io.gapi.emulators.netty.HttpVersionRoutingHandler channelRead\nINFO: Detected non-HTTP/2 connection.\n"}}
[debug] [2025-07-31T17:34:49.300Z] Jul 31, 2025 5:34:49 PM io.gapi.emulators.netty.HttpVersionRoutingHandler channelRead
INFO: Detected non-HTTP/2 connection.
 {"metadata":{"emulator":{"name":"firestore"},"message":"Jul 31, 2025 5:34:49 PM io.gapi.emulators.netty.HttpVersionRoutingHandler channelRead\nINFO: Detected non-HTTP/2 connection.\n"}}
[debug] [2025-07-31T17:35:49.392Z] Jul 31, 2025 5:35:49 PM io.gapi.emulators.netty.HttpVersionRoutingHandler channelRead
INFO: Detected non-HTTP/2 connection.
 {"metadata":{"emulator":{"name":"firestore"},"message":"Jul 31, 2025 5:35:49 PM io.gapi.emulators.netty.HttpVersionRoutingHandler channelRead\nINFO: Detected non-HTTP/2 connection.\n"}}
[debug] [2025-07-31T17:36:49.482Z] Jul 31, 2025 5:36:49 PM io.gapi.emulators.netty.HttpVersionRoutingHandler channelRead
INFO: Detected non-HTTP/2 connection.
 {"metadata":{"emulator":{"name":"firestore"},"message":"Jul 31, 2025 5:36:49 PM io.gapi.emulators.netty.HttpVersionRoutingHandler channelRead\nINFO: Detected non-HTTP/2 connection.\n"}}
[debug] [2025-07-31T17:37:49.580Z] Jul 31, 2025 5:37:49 PM io.gapi.emulators.netty.HttpVersionRoutingHandler channelRead
INFO: Detected non-HTTP/2 connection.
 {"metadata":{"emulator":{"name":"firestore"},"message":"Jul 31, 2025 5:37:49 PM io.gapi.emulators.netty.HttpVersionRoutingHandler channelRead\nINFO: Detected non-HTTP/2 connection.\n"}}
[debug] [2025-07-31T17:38:49.655Z] Jul 31, 2025 5:38:49 PM io.gapi.emulators.netty.HttpVersionRoutingHandler channelRead
INFO: Detected non-HTTP/2 connection.
 {"metadata":{"emulator":{"name":"firestore"},"message":"Jul 31, 2025 5:38:49 PM io.gapi.emulators.netty.HttpVersionRoutingHandler channelRead\nINFO: Detected non-HTTP/2 connection.\n"}}
[debug] [2025-07-31T17:39:49.787Z] Jul 31, 2025 5:39:49 PM io.gapi.emulators.netty.HttpVersionRoutingHandler channelRead
INFO: Detected non-HTTP/2 connection.
 {"metadata":{"emulator":{"name":"firestore"},"message":"Jul 31, 2025 5:39:49 PM io.gapi.emulators.netty.HttpVersionRoutingHandler channelRead\nINFO: Detected non-HTTP/2 connection.\n"}}
[debug] [2025-07-31T17:40:49.892Z] Jul 31, 2025 5:40:49 PM io.gapi.emulators.netty.HttpVersionRoutingHandler channelRead
INFO: Detected non-HTTP/2 connection.
 {"metadata":{"emulator":{"name":"firestore"},"message":"Jul 31, 2025 5:40:49 PM io.gapi.emulators.netty.HttpVersionRoutingHandler channelRead\nINFO: Detected non-HTTP/2 connection.\n"}}
[debug] [2025-07-31T17:41:49.965Z] Jul 31, 2025 5:41:49 PM io.gapi.emulators.netty.HttpVersionRoutingHandler channelRead
INFO: Detected non-HTTP/2 connection.
 {"metadata":{"emulator":{"name":"firestore"},"message":"Jul 31, 2025 5:41:49 PM io.gapi.emulators.netty.HttpVersionRoutingHandler channelRead\nINFO: Detected non-HTTP/2 connection.\n"}}
[debug] [2025-07-31T17:42:50.040Z] Jul 31, 2025 5:42:50 PM io.gapi.emulators.netty.HttpVersionRoutingHandler channelRead
INFO: Detected non-HTTP/2 connection.
 {"metadata":{"emulator":{"name":"firestore"},"message":"Jul 31, 2025 5:42:50 PM io.gapi.emulators.netty.HttpVersionRoutingHandler channelRead\nINFO: Detected non-HTTP/2 connection.\n"}}
[debug] [2025-07-31T17:43:50.113Z] Jul 31, 2025 5:43:50 PM io.gapi.emulators.netty.HttpVersionRoutingHandler channelRead
INFO: Detected non-HTTP/2 connection.
 {"metadata":{"emulator":{"name":"firestore"},"message":"Jul 31, 2025 5:43:50 PM io.gapi.emulators.netty.HttpVersionRoutingHandler channelRead\nINFO: Detected non-HTTP/2 connection.\n"}}
[debug] [2025-07-31T17:44:50.216Z] Jul 31, 2025 5:44:50 PM io.gapi.emulators.netty.HttpVersionRoutingHandler channelRead
INFO: Detected non-HTTP/2 connection.
 {"metadata":{"emulator":{"name":"firestore"},"message":"Jul 31, 2025 5:44:50 PM io.gapi.emulators.netty.HttpVersionRoutingHandler channelRead\nINFO: Detected non-HTTP/2 connection.\n"}}
[debug] [2025-07-31T17:45:50.502Z] Jul 31, 2025 5:45:50 PM io.gapi.emulators.netty.HttpVersionRoutingHandler channelRead
INFO: Detected non-HTTP/2 connection.
 {"metadata":{"emulator":{"name":"firestore"},"message":"Jul 31, 2025 5:45:50 PM io.gapi.emulators.netty.HttpVersionRoutingHandler channelRead\nINFO: Detected non-HTTP/2 connection.\n"}}
[debug] [2025-07-31T17:46:50.586Z] Jul 31, 2025 5:46:50 PM io.gapi.emulators.netty.HttpVersionRoutingHandler channelRead
INFO: Detected non-HTTP/2 connection.
 {"metadata":{"emulator":{"name":"firestore"},"message":"Jul 31, 2025 5:46:50 PM io.gapi.emulators.netty.HttpVersionRoutingHandler channelRead\nINFO: Detected non-HTTP/2 connection.\n"}}
[debug] [2025-07-31T17:47:50.648Z] Jul 31, 2025 5:47:50 PM io.gapi.emulators.netty.HttpVersionRoutingHandler channelRead
INFO: Detected non-HTTP/2 connection.
 {"metadata":{"emulator":{"name":"firestore"},"message":"Jul 31, 2025 5:47:50 PM io.gapi.emulators.netty.HttpVersionRoutingHandler channelRead\nINFO: Detected non-HTTP/2 connection.\n"}}
[debug] [2025-07-31T17:48:50.912Z] Jul 31, 2025 5:48:50 PM io.gapi.emulators.netty.HttpVersionRoutingHandler channelRead
INFO: Detected non-HTTP/2 connection.
 {"metadata":{"emulator":{"name":"firestore"},"message":"Jul 31, 2025 5:48:50 PM io.gapi.emulators.netty.HttpVersionRoutingHandler channelRead\nINFO: Detected non-HTTP/2 connection.\n"}}
[debug] [2025-07-31T17:49:51.135Z] Jul 31, 2025 5:49:51 PM io.gapi.emulators.netty.HttpVersionRoutingHandler channelRead
INFO: Detected non-HTTP/2 connection.
 {"metadata":{"emulator":{"name":"firestore"},"message":"Jul 31, 2025 5:49:51 PM io.gapi.emulators.netty.HttpVersionRoutingHandler channelRead\nINFO: Detected non-HTTP/2 connection.\n"}}
